# JRE version: OpenJDK Runtime Environment Corretto-11.0.19.7.1 (11.0.19+7) (build 11.0.19+7-LTS)
# Java VM: OpenJDK 64-Bit Server VM Corretto-11.0.19.7.1 (11.0.19+7-LTS, mixed mode, tiered, compressed oops, g1 gc, windows-amd64)
Heap:
 garbage-first heap   total 523264K, used 198058K [0x0000000080000000, 0x0000000100000000)
  region size 1024K, 11 young (11264K), 11 survivors (11264K)
 Metaspace       used 110243K, capacity 113402K, committed 114056K, reserved 1148928K
  class space    used 14265K, capacity 15460K, committed 15820K, reserved 1048576K
GC Heap History (20 events):
Event: 12.248 GC heap after
{Heap after GC invocations=35 (full 0):
 garbage-first heap   total 388096K, used 187043K [0x0000000080000000, 0x0000000100000000)
  region size 1024K, 5 young (5120K), 5 survivors (5120K)
 Metaspace       used 108308K, capacity 111317K, committed 112392K, reserved 1146880K
  class space    used 14042K, capacity 15163K, committed 15692K, reserved 1048576K
}
Event: 12.576 GC heap before
{Heap before GC invocations=35 (full 0):
 garbage-first heap   total 388096K, used 310947K [0x0000000080000000, 0x0000000100000000)
  region size 1024K, 126 young (129024K), 5 survivors (5120K)
 Metaspace       used 109184K, capacity 112231K, committed 113160K, reserved 1146880K
  class space    used 14152K, capacity 15292K, committed 15692K, reserved 1048576K
}
Event: 12.585 GC heap after
{Heap after GC invocations=36 (full 0):
 garbage-first heap   total 388096K, used 186632K [0x0000000080000000, 0x0000000100000000)
  region size 1024K, 4 young (4096K), 4 survivors (4096K)
 Metaspace       used 109184K, capacity 112231K, committed 113160K, reserved 1146880K
  class space    used 14152K, capacity 15292K, committed 15692K, reserved 1048576K
}
Event: 12.762 GC heap before
{Heap before GC invocations=37 (full 0):
 garbage-first heap   total 388096K, used 314632K [0x0000000080000000, 0x0000000100000000)
  region size 1024K, 130 young (133120K), 4 survivors (4096K)
 Metaspace       used 109529K, capacity 112684K, committed 113416K, reserved 1146880K
  class space    used 14190K, capacity 15354K, committed 15692K, reserved 1048576K
}
Event: 12.769 GC heap after
{Heap after GC invocations=38 (full 0):
 garbage-first heap   total 388096K, used 187602K [0x0000000080000000, 0x0000000100000000)
  region size 1024K, 5 young (5120K), 5 survivors (5120K)
 Metaspace       used 109529K, capacity 112684K, committed 113416K, reserved 1146880K
  class space    used 14190K, capacity 15354K, committed 15692K, reserved 1048576K
}
Event: 12.950 GC heap before
{Heap before GC invocations=38 (full 0):
 garbage-first heap   total 388096K, used 319698K [0x0000000080000000, 0x0000000100000000)
  region size 1024K, 134 young (137216K), 5 survivors (5120K)
 Metaspace       used 109899K, capacity 113043K, committed 113672K, reserved 1146880K
  class space    used 14235K, capacity 15408K, committed 15692K, reserved 1048576K
}
Event: 12.958 GC heap after
{Heap after GC invocations=39 (full 0):
 garbage-first heap   total 388096K, used 187225K [0x0000000080000000, 0x0000000100000000)
  region size 1024K, 5 young (5120K), 5 survivors (5120K)
 Metaspace       used 109899K, capacity 113043K, committed 113672K, reserved 1146880K
  class space    used 14235K, capacity 15408K, committed 15692K, reserved 1048576K
}
Event: 13.237 GC heap before
{Heap before GC invocations=39 (full 0):
 garbage-first heap   total 388096K, used 322393K [0x0000000080000000, 0x0000000100000000)
  region size 1024K, 137 young (140288K), 5 survivors (5120K)
 Metaspace       used 110070K, capacity 113172K, committed 113800K, reserved 1146880K
  class space    used 14257K, capacity 15450K, committed 15820K, reserved 1048576K
}
Event: 13.245 GC heap after
{Heap after GC invocations=40 (full 0):
 garbage-first heap   total 388096K, used 187938K [0x0000000080000000, 0x0000000100000000)
  region size 1024K, 5 young (5120K), 5 survivors (5120K)
 Metaspace       used 110070K, capacity 113172K, committed 113800K, reserved 1146880K
  class space    used 14257K, capacity 15450K, committed 15820K, reserved 1048576K
}
Event: 13.422 GC heap before
{Heap before GC invocations=41 (full 0):
 garbage-first heap   total 388096K, used 329250K [0x0000000080000000, 0x0000000100000000)
  region size 1024K, 143 young (146432K), 5 survivors (5120K)
 Metaspace       used 110110K, capacity 113306K, committed 113800K, reserved 1146880K
  class space    used 14260K, capacity 15452K, committed 15820K, reserved 1048576K
}
Event: 13.432 GC heap after
{Heap after GC invocations=42 (full 0):
 garbage-first heap   total 456704K, used 189198K [0x0000000080000000, 0x0000000100000000)
  region size 1024K, 7 young (7168K), 7 survivors (7168K)
 Metaspace       used 110110K, capacity 113306K, committed 113800K, reserved 1146880K
  class space    used 14260K, capacity 15452K, committed 15820K, reserved 1048576K
}
Event: 13.452 GC heap before
{Heap before GC invocations=42 (full 0):
 garbage-first heap   total 456704K, used 204558K [0x0000000080000000, 0x0000000100000000)
  region size 1024K, 22 young (22528K), 7 survivors (7168K)
 Metaspace       used 110112K, capacity 113306K, committed 113800K, reserved 1146880K
  class space    used 14260K, capacity 15452K, committed 15820K, reserved 1048576K
}
Event: 13.461 GC heap after
{Heap after GC invocations=43 (full 0):
 garbage-first heap   total 456704K, used 189371K [0x0000000080000000, 0x0000000100000000)
  region size 1024K, 2 young (2048K), 2 survivors (2048K)
 Metaspace       used 110112K, capacity 113306K, committed 113800K, reserved 1146880K
  class space    used 14260K, capacity 15452K, committed 15820K, reserved 1048576K
}
Event: 13.642 GC heap before
{Heap before GC invocations=43 (full 0):
 garbage-first heap   total 456704K, used 351163K [0x0000000080000000, 0x0000000100000000)
  region size 1024K, 161 young (164864K), 2 survivors (2048K)
 Metaspace       used 110133K, capacity 113320K, committed 113800K, reserved 1146880K
  class space    used 14262K, capacity 15456K, committed 15820K, reserved 1048576K
}
Event: 13.648 GC heap after
{Heap after GC invocations=44 (full 0):
 garbage-first heap   total 456704K, used 191104K [0x0000000080000000, 0x0000000100000000)
  region size 1024K, 4 young (4096K), 4 survivors (4096K)
 Metaspace       used 110133K, capacity 113320K, committed 113800K, reserved 1146880K
  class space    used 14262K, capacity 15456K, committed 15820K, reserved 1048576K
}
Event: 13.843 GC heap before
{Heap before GC invocations=44 (full 0):
 garbage-first heap   total 456704K, used 390784K [0x0000000080000000, 0x0000000100000000)
  region size 1024K, 199 young (203776K), 4 survivors (4096K)
 Metaspace       used 110169K, capacity 113324K, committed 113800K, reserved 1146880K
  class space    used 14262K, capacity 15456K, committed 15820K, reserved 1048576K
}
Event: 13.851 GC heap after
{Heap after GC invocations=45 (full 0):
 garbage-first heap   total 456704K, used 194918K [0x0000000080000000, 0x0000000100000000)
  region size 1024K, 8 young (8192K), 8 survivors (8192K)
 Metaspace       used 110169K, capacity 113324K, committed 113800K, reserved 1146880K
  class space    used 14262K, capacity 15456K, committed 15820K, reserved 1048576K
}
Event: 14.045 GC heap before
{Heap before GC invocations=45 (full 0):
 garbage-first heap   total 456704K, used 389478K [0x0000000080000000, 0x0000000100000000)
  region size 1024K, 198 young (202752K), 8 survivors (8192K)
 Metaspace       used 110212K, capacity 113388K, committed 114056K, reserved 1148928K
  class space    used 14262K, capacity 15456K, committed 15820K, reserved 1048576K
}
Event: 14.054 GC heap after
{Heap after GC invocations=46 (full 0):
 garbage-first heap   total 456704K, used 197868K [0x0000000080000000, 0x0000000100000000)
  region size 1024K, 11 young (11264K), 11 survivors (11264K)
 Metaspace       used 110212K, capacity 113388K, committed 114056K, reserved 1148928K
  class space    used 14262K, capacity 15456K, committed 15820K, reserved 1048576K
}
Event: 14.239 GC heap before
{Heap before GC invocations=46 (full 0):
 garbage-first heap   total 456704K, used 392428K [0x0000000080000000, 0x0000000100000000)
  region size 1024K, 201 young (205824K), 11 survivors (11264K)
 Metaspace       used 110243K, capacity 113402K, committed 114056K, reserved 1148928K
  class space    used 14265K, capacity 15460K, committed 15820K, reserved 1048576K
}

