# JRE version: OpenJDK Runtime Environment Corretto-11.0.19.7.1 (11.0.19+7) (build 11.0.19+7-LTS)
# Java VM: OpenJDK 64-Bit Server VM Corretto-11.0.19.7.1 (11.0.19+7-LTS, mixed mode, tiered, compressed oops, g1 gc, windows-amd64)
Heap:
 garbage-first heap   total 747520K, used 284672K [0x0000000080000000, 0x0000000100000000)
  region size 1024K, 8 young (8192K), 8 survivors (8192K)
 Metaspace       used 128962K, capacity 132967K, committed 133232K, reserved 1165312K
  class space    used 16683K, capacity 18125K, committed 18252K, reserved 1048576K
GC Heap History (20 events):
Event: 18.793 GC heap after
{Heap after GC invocations=52 (full 0):
 garbage-first heap   total 263168K, used 218246K [0x0000000080000000, 0x0000000100000000)
  region size 1024K, 2 young (2048K), 2 survivors (2048K)
 Metaspace       used 121405K, capacity 124983K, committed 125296K, reserved 1157120K
  class space    used 15598K, capacity 16847K, committed 16972K, reserved 1048576K
}
Event: 18.879 GC heap before
{Heap before GC invocations=52 (full 0):
 garbage-first heap   total 263168K, used 230534K [0x0000000080000000, 0x0000000100000000)
  region size 1024K, 15 young (15360K), 2 survivors (2048K)
 Metaspace       used 121663K, capacity 125294K, committed 125552K, reserved 1159168K
  class space    used 15634K, capacity 16903K, committed 16972K, reserved 1048576K
}
Event: 18.884 GC heap after
{Heap after GC invocations=53 (full 0):
 garbage-first heap   total 263168K, used 219418K [0x0000000080000000, 0x0000000100000000)
  region size 1024K, 2 young (2048K), 2 survivors (2048K)
 Metaspace       used 121663K, capacity 125294K, committed 125552K, reserved 1159168K
  class space    used 15634K, capacity 16903K, committed 16972K, reserved 1048576K
}
Event: 18.963 GC heap before
{Heap before GC invocations=53 (full 0):
 garbage-first heap   total 263168K, used 229658K [0x0000000080000000, 0x0000000100000000)
  region size 1024K, 13 young (13312K), 2 survivors (2048K)
 Metaspace       used 121714K, capacity 125303K, committed 125552K, reserved 1159168K
  class space    used 15634K, capacity 16903K, committed 16972K, reserved 1048576K
}
Event: 18.967 GC heap after
{Heap after GC invocations=54 (full 0):
 garbage-first heap   total 336896K, used 219720K [0x0000000080000000, 0x0000000100000000)
  region size 1024K, 2 young (2048K), 2 survivors (2048K)
 Metaspace       used 121714K, capacity 125303K, committed 125552K, reserved 1159168K
  class space    used 15634K, capacity 16903K, committed 16972K, reserved 1048576K
}
Event: 19.192 GC heap before
{Heap before GC invocations=55 (full 0):
 garbage-first heap   total 336896K, used 257608K [0x0000000080000000, 0x0000000100000000)
  region size 1024K, 40 young (40960K), 2 survivors (2048K)
 Metaspace       used 122377K, capacity 126030K, committed 126192K, reserved 1159168K
  class space    used 15729K, capacity 17012K, committed 17100K, reserved 1048576K
}
Event: 19.199 GC heap after
{Heap after GC invocations=56 (full 0):
 garbage-first heap   total 336896K, used 228459K [0x0000000080000000, 0x0000000100000000)
  region size 1024K, 5 young (5120K), 5 survivors (5120K)
 Metaspace       used 122377K, capacity 126030K, committed 126192K, reserved 1159168K
  class space    used 15729K, capacity 17012K, committed 17100K, reserved 1048576K
}
Event: 19.218 GC heap before
{Heap before GC invocations=56 (full 0):
 garbage-first heap   total 336896K, used 249963K [0x0000000080000000, 0x0000000100000000)
  region size 1024K, 28 young (28672K), 5 survivors (5120K)
 Metaspace       used 122486K, capacity 126125K, committed 126448K, reserved 1159168K
  class space    used 15745K, capacity 17023K, committed 17100K, reserved 1048576K
}
Event: 19.223 GC heap after
{Heap after GC invocations=57 (full 0):
 garbage-first heap   total 336896K, used 234496K [0x0000000080000000, 0x0000000100000000)
  region size 1024K, 6 young (6144K), 6 survivors (6144K)
 Metaspace       used 122486K, capacity 126125K, committed 126448K, reserved 1159168K
  class space    used 15745K, capacity 17023K, committed 17100K, reserved 1048576K
}
Event: 19.267 GC heap before
{Heap before GC invocations=57 (full 0):
 garbage-first heap   total 336896K, used 268288K [0x0000000080000000, 0x0000000100000000)
  region size 1024K, 38 young (38912K), 6 survivors (6144K)
 Metaspace       used 122963K, capacity 126639K, committed 126704K, reserved 1159168K
  class space    used 15821K, capacity 17088K, committed 17100K, reserved 1048576K
}
Event: 19.271 GC heap after
{Heap after GC invocations=58 (full 0):
 garbage-first heap   total 336896K, used 240197K [0x0000000080000000, 0x0000000100000000)
  region size 1024K, 5 young (5120K), 5 survivors (5120K)
 Metaspace       used 122963K, capacity 126639K, committed 126704K, reserved 1159168K
  class space    used 15821K, capacity 17088K, committed 17100K, reserved 1048576K
}
Event: 19.510 GC heap before
{Heap before GC invocations=59 (full 0):
 garbage-first heap   total 336896K, used 270917K [0x0000000080000000, 0x0000000100000000)
  region size 1024K, 36 young (36864K), 5 survivors (5120K)
 Metaspace       used 125612K, capacity 129501K, committed 129648K, reserved 1161216K
  class space    used 16232K, capacity 17641K, committed 17740K, reserved 1048576K
}
Event: 19.517 GC heap after
{Heap after GC invocations=60 (full 0):
 garbage-first heap   total 409600K, used 243197K [0x0000000080000000, 0x0000000100000000)
  region size 1024K, 5 young (5120K), 5 survivors (5120K)
 Metaspace       used 125612K, capacity 129501K, committed 129648K, reserved 1161216K
  class space    used 16232K, capacity 17641K, committed 17740K, reserved 1048576K
}
Event: 19.696 GC heap before
{Heap before GC invocations=60 (full 0):
 garbage-first heap   total 409600K, used 296445K [0x0000000080000000, 0x0000000100000000)
  region size 1024K, 58 young (59392K), 5 survivors (5120K)
 Metaspace       used 126403K, capacity 130294K, committed 130416K, reserved 1163264K
  class space    used 16303K, capacity 17729K, committed 17740K, reserved 1048576K
}
Event: 19.716 GC heap after
{Heap after GC invocations=61 (full 0):
 garbage-first heap   total 409600K, used 253672K [0x0000000080000000, 0x0000000100000000)
  region size 1024K, 8 young (8192K), 8 survivors (8192K)
 Metaspace       used 126403K, capacity 130294K, committed 130416K, reserved 1163264K
  class space    used 16303K, capacity 17729K, committed 17740K, reserved 1048576K
}
Event: 19.848 GC heap before
{Heap before GC invocations=61 (full 0):
 garbage-first heap   total 409600K, used 305896K [0x0000000080000000, 0x0000000100000000)
  region size 1024K, 60 young (61440K), 8 survivors (8192K)
 Metaspace       used 126774K, capacity 130739K, committed 131056K, reserved 1163264K
  class space    used 16367K, capacity 17791K, committed 17868K, reserved 1048576K
}
Event: 19.868 GC heap after
{Heap after GC invocations=62 (full 0):
 garbage-first heap   total 409600K, used 264875K [0x0000000080000000, 0x0000000100000000)
  region size 1024K, 8 young (8192K), 8 survivors (8192K)
 Metaspace       used 126774K, capacity 130739K, committed 131056K, reserved 1163264K
  class space    used 16367K, capacity 17791K, committed 17868K, reserved 1048576K
}
Event: 20.078 GC heap before
{Heap before GC invocations=63 (full 0):
 garbage-first heap   total 409600K, used 316075K [0x0000000080000000, 0x0000000100000000)
  region size 1024K, 59 young (60416K), 8 survivors (8192K)
 Metaspace       used 128383K, capacity 132381K, committed 132592K, reserved 1163264K
  class space    used 16613K, capacity 18060K, committed 18124K, reserved 1048576K
}
Event: 20.098 GC heap after
{Heap after GC invocations=64 (full 0):
 garbage-first heap   total 409600K, used 275368K [0x0000000080000000, 0x0000000100000000)
  region size 1024K, 8 young (8192K), 8 survivors (8192K)
 Metaspace       used 128383K, capacity 132381K, committed 132592K, reserved 1163264K
  class space    used 16613K, capacity 18060K, committed 18124K, reserved 1048576K
}
Event: 20.181 GC heap before
{Heap before GC invocations=64 (full 0):
 garbage-first heap   total 409600K, used 325544K [0x0000000080000000, 0x0000000100000000)
  region size 1024K, 57 young (58368K), 8 survivors (8192K)
 Metaspace       used 128962K, capacity 132967K, committed 133232K, reserved 1165312K
  class space    used 16683K, capacity 18125K, committed 18252K, reserved 1048576K
}

