# JRE version: OpenJDK Runtime Environment Corretto-11.0.19.7.1 (11.0.19+7) (build 11.0.19+7-LTS)
# Java VM: OpenJDK 64-Bit Server VM Corretto-11.0.19.7.1 (11.0.19+7-LTS, mixed mode, tiered, compressed oops, g1 gc, windows-amd64)
Heap:
 garbage-first heap   total 450560K, used 226658K [0x0000000080000000, 0x0000000100000000)
  region size 1024K, 2 young (2048K), 2 survivors (2048K)
 Metaspace       used 110035K, capacity 113340K, committed 113788K, reserved 1146880K
  class space    used 14329K, capacity 15586K, committed 15840K, reserved 1048576K
GC Heap History (20 events):
Event: 11.056 GC heap after
{Heap after GC invocations=27 (full 0):
 garbage-first heap   total 381952K, used 190373K [0x0000000080000000, 0x0000000100000000)
  region size 1024K, 6 young (6144K), 6 survivors (6144K)
 Metaspace       used 108295K, capacity 111334K, committed 112380K, reserved 1146880K
  class space    used 14173K, capacity 15301K, committed 15712K, reserved 1048576K
}
Event: 11.399 GC heap before
{Heap before GC invocations=27 (full 0):
 garbage-first heap   total 381952K, used 288677K [0x0000000080000000, 0x0000000100000000)
  region size 1024K, 102 young (104448K), 6 survivors (6144K)
 Metaspace       used 109245K, capacity 112597K, committed 113020K, reserved 1146880K
  class space    used 14335K, capacity 15621K, committed 15840K, reserved 1048576K
}
Event: 11.406 GC heap after
{Heap after GC invocations=28 (full 0):
 garbage-first heap   total 381952K, used 190373K [0x0000000080000000, 0x0000000100000000)
  region size 1024K, 6 young (6144K), 6 survivors (6144K)
 Metaspace       used 109245K, capacity 112597K, committed 113020K, reserved 1146880K
  class space    used 14335K, capacity 15621K, committed 15840K, reserved 1048576K
}
Event: 11.831 GC heap before
{Heap before GC invocations=29 (full 0):
 garbage-first heap   total 381952K, used 293797K [0x0000000080000000, 0x0000000100000000)
  region size 1024K, 107 young (109568K), 6 survivors (6144K)
 Metaspace       used 109352K, capacity 112658K, committed 113276K, reserved 1146880K
  class space    used 14311K, capacity 15571K, committed 15840K, reserved 1048576K
}
Event: 11.839 GC heap after
{Heap after GC invocations=30 (full 0):
 garbage-first heap   total 381952K, used 191040K [0x0000000080000000, 0x0000000100000000)
  region size 1024K, 7 young (7168K), 7 survivors (7168K)
 Metaspace       used 109352K, capacity 112658K, committed 113276K, reserved 1146880K
  class space    used 14311K, capacity 15571K, committed 15840K, reserved 1048576K
}
Event: 11.856 GC heap before
{Heap before GC invocations=30 (full 0):
 garbage-first heap   total 381952K, used 202304K [0x0000000080000000, 0x0000000100000000)
  region size 1024K, 18 young (18432K), 7 survivors (7168K)
 Metaspace       used 109353K, capacity 112658K, committed 113276K, reserved 1146880K
  class space    used 14311K, capacity 15571K, committed 15840K, reserved 1048576K
}
Event: 11.862 GC heap after
{Heap after GC invocations=31 (full 0):
 garbage-first heap   total 381952K, used 190456K [0x0000000080000000, 0x0000000100000000)
  region size 1024K, 2 young (2048K), 2 survivors (2048K)
 Metaspace       used 109353K, capacity 112658K, committed 113276K, reserved 1146880K
  class space    used 14311K, capacity 15571K, committed 15840K, reserved 1048576K
}
Event: 12.115 GC heap before
{Heap before GC invocations=31 (full 0):
 garbage-first heap   total 381952K, used 299000K [0x0000000080000000, 0x0000000100000000)
  region size 1024K, 108 young (110592K), 2 survivors (2048K)
 Metaspace       used 109366K, capacity 112667K, committed 113276K, reserved 1146880K
  class space    used 14313K, capacity 15574K, committed 15840K, reserved 1048576K
}
Event: 12.120 GC heap after
{Heap after GC invocations=32 (full 0):
 garbage-first heap   total 381952K, used 190857K [0x0000000080000000, 0x0000000100000000)
  region size 1024K, 3 young (3072K), 3 survivors (3072K)
 Metaspace       used 109366K, capacity 112667K, committed 113276K, reserved 1146880K
  class space    used 14313K, capacity 15574K, committed 15840K, reserved 1048576K
}
Event: 12.499 GC heap before
{Heap before GC invocations=33 (full 0):
 garbage-first heap   total 381952K, used 305545K [0x0000000080000000, 0x0000000100000000)
  region size 1024K, 114 young (116736K), 3 survivors (3072K)
 Metaspace       used 109596K, capacity 112882K, committed 113276K, reserved 1146880K
  class space    used 14319K, capacity 15575K, committed 15840K, reserved 1048576K
}
Event: 12.507 GC heap after
{Heap after GC invocations=34 (full 0):
 garbage-first heap   total 381952K, used 202274K [0x0000000080000000, 0x0000000100000000)
  region size 1024K, 13 young (13312K), 13 survivors (13312K)
 Metaspace       used 109596K, capacity 112882K, committed 113276K, reserved 1146880K
  class space    used 14319K, capacity 15575K, committed 15840K, reserved 1048576K
}
Event: 12.515 GC heap before
{Heap before GC invocations=34 (full 0):
 garbage-first heap   total 381952K, used 206370K [0x0000000080000000, 0x0000000100000000)
  region size 1024K, 18 young (18432K), 13 survivors (13312K)
 Metaspace       used 109609K, capacity 112947K, committed 113532K, reserved 1146880K
  class space    used 14319K, capacity 15575K, committed 15840K, reserved 1048576K
}
Event: 12.522 GC heap after
{Heap after GC invocations=35 (full 0):
 garbage-first heap   total 381952K, used 198282K [0x0000000080000000, 0x0000000100000000)
  region size 1024K, 3 young (3072K), 3 survivors (3072K)
 Metaspace       used 109609K, capacity 112947K, committed 113532K, reserved 1146880K
  class space    used 14319K, capacity 15575K, committed 15840K, reserved 1048576K
}
Event: 12.643 GC heap before
{Heap before GC invocations=35 (full 0):
 garbage-first heap   total 381952K, used 305802K [0x0000000080000000, 0x0000000100000000)
  region size 1024K, 108 young (110592K), 3 survivors (3072K)
 Metaspace       used 109747K, capacity 113091K, committed 113532K, reserved 1146880K
  class space    used 14321K, capacity 15579K, committed 15840K, reserved 1048576K
}
Event: 12.657 GC heap after
{Heap after GC invocations=36 (full 0):
 garbage-first heap   total 381952K, used 213318K [0x0000000080000000, 0x0000000100000000)
  region size 1024K, 14 young (14336K), 14 survivors (14336K)
 Metaspace       used 109747K, capacity 113091K, committed 113532K, reserved 1146880K
  class space    used 14321K, capacity 15579K, committed 15840K, reserved 1048576K
}
Event: 12.903 GC heap before
{Heap before GC invocations=36 (full 0):
 garbage-first heap   total 381952K, used 309574K [0x0000000080000000, 0x0000000100000000)
  region size 1024K, 108 young (110592K), 14 survivors (14336K)
 Metaspace       used 109880K, capacity 113186K, committed 113532K, reserved 1146880K
  class space    used 14323K, capacity 15582K, committed 15840K, reserved 1048576K
}
Event: 12.917 GC heap after
{Heap after GC invocations=37 (full 0):
 garbage-first heap   total 381952K, used 218609K [0x0000000080000000, 0x0000000100000000)
  region size 1024K, 8 young (8192K), 8 survivors (8192K)
 Metaspace       used 109880K, capacity 113186K, committed 113532K, reserved 1146880K
  class space    used 14323K, capacity 15582K, committed 15840K, reserved 1048576K
}
Event: 13.086 GC heap before
{Heap before GC invocations=38 (full 0):
 garbage-first heap   total 381952K, used 313841K [0x0000000080000000, 0x0000000100000000)
  region size 1024K, 101 young (103424K), 8 survivors (8192K)
 Metaspace       used 110035K, capacity 113340K, committed 113788K, reserved 1146880K
  class space    used 14329K, capacity 15586K, committed 15840K, reserved 1048576K
}
Event: 13.099 GC heap after
{Heap after GC invocations=39 (full 0):
 garbage-first heap   total 381952K, used 227328K [0x0000000080000000, 0x0000000100000000)
  region size 1024K, 9 young (9216K), 9 survivors (9216K)
 Metaspace       used 110035K, capacity 113340K, committed 113788K, reserved 1146880K
  class space    used 14329K, capacity 15586K, committed 15840K, reserved 1048576K
}
Event: 13.110 GC heap before
{Heap before GC invocations=39 (full 0):
 garbage-first heap   total 381952K, used 236544K [0x0000000080000000, 0x0000000100000000)
  region size 1024K, 18 young (18432K), 9 survivors (9216K)
 Metaspace       used 110035K, capacity 113340K, committed 113788K, reserved 1146880K
  class space    used 14329K, capacity 15586K, committed 15840K, reserved 1048576K
}

