# JRE version: OpenJDK Runtime Environment Corretto-11.0.19.7.1 (11.0.19+7) (build 11.0.19+7-LTS)
# Java VM: OpenJDK 64-Bit Server VM Corretto-11.0.19.7.1 (11.0.19+7-LTS, mixed mode, tiered, compressed oops, g1 gc, windows-amd64)
Heap:
 garbage-first heap   total 556032K, used 333824K [0x0000000080000000, 0x0000000100000000)
  region size 1024K, 7 young (7168K), 7 survivors (7168K)
 Metaspace       used 210941K, capacity 218004K, committed 218192K, reserved 1239040K
  class space    used 26875K, capacity 29372K, committed 29440K, reserved 1048576K
GC Heap History (20 events):
Event: 365.624 GC heap after
{Heap after GC invocations=143 (full 0):
 garbage-first heap   total 375808K, used 275789K [0x0000000080000000, 0x0000000100000000)
  region size 1024K, 2 young (2048K), 2 survivors (2048K)
 Metaspace       used 200375K, capacity 206713K, committed 208464K, reserved 1230848K
  class space    used 25283K, capacity 27433K, committed 28160K, reserved 1048576K
}
Event: 365.775 GC heap before
{Heap before GC invocations=143 (full 0):
 garbage-first heap   total 375808K, used 292173K [0x0000000080000000, 0x0000000100000000)
  region size 1024K, 18 young (18432K), 2 survivors (2048K)
 Metaspace       used 200983K, capacity 207361K, committed 208976K, reserved 1230848K
  class space    used 25364K, capacity 27521K, committed 28160K, reserved 1048576K
}
Event: 365.791 GC heap after
{Heap after GC invocations=144 (full 0):
 garbage-first heap   total 375808K, used 272538K [0x0000000080000000, 0x0000000100000000)
  region size 1024K, 2 young (2048K), 2 survivors (2048K)
 Metaspace       used 200983K, capacity 207361K, committed 208976K, reserved 1230848K
  class space    used 25364K, capacity 27521K, committed 28160K, reserved 1048576K
}
Event: 366.019 GC heap before
{Heap before GC invocations=144 (full 0):
 garbage-first heap   total 375808K, used 308378K [0x0000000080000000, 0x0000000100000000)
  region size 1024K, 39 young (39936K), 2 survivors (2048K)
 Metaspace       used 202021K, capacity 208438K, committed 209872K, reserved 1230848K
  class space    used 25513K, capacity 27693K, committed 28288K, reserved 1048576K
}
Event: 366.024 GC heap after
{Heap after GC invocations=145 (full 0):
 garbage-first heap   total 375808K, used 277728K [0x0000000080000000, 0x0000000100000000)
  region size 1024K, 5 young (5120K), 5 survivors (5120K)
 Metaspace       used 202021K, capacity 208438K, committed 209872K, reserved 1230848K
  class space    used 25513K, capacity 27693K, committed 28288K, reserved 1048576K
}
Event: 366.072 GC heap before
{Heap before GC invocations=145 (full 0):
 garbage-first heap   total 375808K, used 312544K [0x0000000080000000, 0x0000000100000000)
  region size 1024K, 40 young (40960K), 5 survivors (5120K)
 Metaspace       used 202335K, capacity 208756K, committed 210128K, reserved 1230848K
  class space    used 25555K, capacity 27734K, committed 28288K, reserved 1048576K
}
Event: 366.076 GC heap after
{Heap after GC invocations=146 (full 0):
 garbage-first heap   total 375808K, used 287139K [0x0000000080000000, 0x0000000100000000)
  region size 1024K, 5 young (5120K), 5 survivors (5120K)
 Metaspace       used 202335K, capacity 208756K, committed 210128K, reserved 1230848K
  class space    used 25555K, capacity 27734K, committed 28288K, reserved 1048576K
}
Event: 366.584 GC heap before
{Heap before GC invocations=146 (full 0):
 garbage-first heap   total 375808K, used 315811K [0x0000000080000000, 0x0000000100000000)
  region size 1024K, 34 young (34816K), 5 survivors (5120K)
 Metaspace       used 205408K, capacity 212006K, committed 212816K, reserved 1232896K
  class space    used 25981K, capacity 28225K, committed 28672K, reserved 1048576K
}
Event: 366.590 GC heap after
{Heap after GC invocations=147 (full 0):
 garbage-first heap   total 375808K, used 291432K [0x0000000080000000, 0x0000000100000000)
  region size 1024K, 5 young (5120K), 5 survivors (5120K)
 Metaspace       used 205408K, capacity 212006K, committed 212816K, reserved 1232896K
  class space    used 25981K, capacity 28225K, committed 28672K, reserved 1048576K
}
Event: 366.795 GC heap before
{Heap before GC invocations=147 (full 0):
 garbage-first heap   total 375808K, used 320104K [0x0000000080000000, 0x0000000100000000)
  region size 1024K, 33 young (33792K), 5 survivors (5120K)
 Metaspace       used 205763K, capacity 212316K, committed 213072K, reserved 1234944K
  class space    used 26007K, capacity 28261K, committed 28672K, reserved 1048576K
}
Event: 366.805 GC heap after
{Heap after GC invocations=148 (full 0):
 garbage-first heap   total 375808K, used 296960K [0x0000000080000000, 0x0000000100000000)
  region size 1024K, 5 young (5120K), 5 survivors (5120K)
 Metaspace       used 205763K, capacity 212316K, committed 213072K, reserved 1234944K
  class space    used 26007K, capacity 28261K, committed 28672K, reserved 1048576K
}
Event: 366.991 GC heap before
{Heap before GC invocations=148 (full 0):
 garbage-first heap   total 375808K, used 322560K [0x0000000080000000, 0x0000000100000000)
  region size 1024K, 30 young (30720K), 5 survivors (5120K)
 Metaspace       used 206755K, capacity 213429K, committed 213968K, reserved 1234944K
  class space    used 26182K, capacity 28459K, committed 28800K, reserved 1048576K
}
Event: 367.004 GC heap after
{Heap after GC invocations=149 (full 0):
 garbage-first heap   total 445440K, used 302199K [0x0000000080000000, 0x0000000100000000)
  region size 1024K, 4 young (4096K), 4 survivors (4096K)
 Metaspace       used 206755K, capacity 213429K, committed 213968K, reserved 1234944K
  class space    used 26182K, capacity 28459K, committed 28800K, reserved 1048576K
}
Event: 367.259 GC heap before
{Heap before GC invocations=149 (full 0):
 garbage-first heap   total 445440K, used 348279K [0x0000000080000000, 0x0000000100000000)
  region size 1024K, 49 young (50176K), 4 survivors (4096K)
 Metaspace       used 207873K, capacity 214591K, committed 215120K, reserved 1234944K
  class space    used 26353K, capacity 28653K, committed 28928K, reserved 1048576K
}
Event: 367.271 GC heap after
{Heap after GC invocations=150 (full 0):
 garbage-first heap   total 445440K, used 310220K [0x0000000080000000, 0x0000000100000000)
  region size 1024K, 7 young (7168K), 7 survivors (7168K)
 Metaspace       used 207873K, capacity 214591K, committed 215120K, reserved 1234944K
  class space    used 26353K, capacity 28653K, committed 28928K, reserved 1048576K
}
Event: 367.625 GC heap before
{Heap before GC invocations=150 (full 0):
 garbage-first heap   total 445440K, used 355276K [0x0000000080000000, 0x0000000100000000)
  region size 1024K, 52 young (53248K), 7 survivors (7168K)
 Metaspace       used 209417K, capacity 216317K, committed 216656K, reserved 1236992K
  class space    used 26622K, capacity 29066K, committed 29184K, reserved 1048576K
}
Event: 367.639 GC heap after
{Heap after GC invocations=151 (full 0):
 garbage-first heap   total 445440K, used 318015K [0x0000000080000000, 0x0000000100000000)
  region size 1024K, 7 young (7168K), 7 survivors (7168K)
 Metaspace       used 209417K, capacity 216317K, committed 216656K, reserved 1236992K
  class space    used 26622K, capacity 29066K, committed 29184K, reserved 1048576K
}
Event: 367.801 GC heap before
{Heap before GC invocations=151 (full 0):
 garbage-first heap   total 445440K, used 363071K [0x0000000080000000, 0x0000000100000000)
  region size 1024K, 51 young (52224K), 7 survivors (7168K)
 Metaspace       used 210099K, capacity 217112K, committed 217296K, reserved 1236992K
  class space    used 26726K, capacity 29199K, committed 29312K, reserved 1048576K
}
Event: 367.812 GC heap after
{Heap after GC invocations=152 (full 0):
 garbage-first heap   total 445440K, used 325965K [0x0000000080000000, 0x0000000100000000)
  region size 1024K, 7 young (7168K), 7 survivors (7168K)
 Metaspace       used 210099K, capacity 217112K, committed 217296K, reserved 1236992K
  class space    used 26726K, capacity 29199K, committed 29312K, reserved 1048576K
}
Event: 368.023 GC heap before
{Heap before GC invocations=152 (full 0):
 garbage-first heap   total 445440K, used 367949K [0x0000000080000000, 0x0000000100000000)
  region size 1024K, 49 young (50176K), 7 survivors (7168K)
 Metaspace       used 210941K, capacity 218004K, committed 218192K, reserved 1239040K
  class space    used 26875K, capacity 29372K, committed 29440K, reserved 1048576K
}

